Build started 02-Jan-14 5:42:28 PM.
     1>Project "E:\Qt Projects\toav\toav\toav.vcxproj" on node 2 (build target(s)).
     1>InitializeBuildStatus:
         Creating "Debug\toav.unsuccessfulbuild" because "AlwaysCreate" was specified.
       CustomBuild:
         All outputs are up-to-date.
       ClCompile:
         c:\Program Files (x86)\Microsoft Visual Studio 10.0\VC\bin\CL.exe /c /I.\GeneratedFiles /I. /IC:\Qt\Qt5.0.2\5.0.2\msvc2010_opengl\include /I.\GeneratedFiles\Debug /IC:\Qt\Qt5.0.2\5.0.2\msvc2010_opengl\include\QtCore /IC:\Qt\Qt5.0.2\5.0.2\msvc2010_opengl\include\QtGui /IC:\Qt\Qt5.0.2\5.0.2\msvc2010_opengl\include\QtWidgets /Zi /nologo /W1 /WX- /Od /Oy- /D UNICODE /D WIN32 /D QT_DLL /D QT_CORE_LIB /D QT_GUI_LIB /D QT_WIDGETS_LIB /Gm- /EHsc /MDd /GS /fp:precise /Zc:wchar_t- /Zc:forScope /Fo"Debug\\" /Fd"Debug\vc100.pdb" /Gd /TP /analyze- /errorReport:prompt toav.cpp
         toav.cpp
         All outputs are up-to-date.
       Link:
         c:\Program Files (x86)\Microsoft Visual Studio 10.0\VC\bin\link.exe /ERRORREPORT:PROMPT /OUT:"E:\Qt Projects\toav\Win32\Debug\\toav.exe" /NOLOGO /LIBPATH:C:\Qt\Qt5.0.2\5.0.2\msvc2010_opengl\lib qtmaind.lib Qt5Cored.lib Qt5Guid.lib Qt5Widgetsd.lib kernel32.lib user32.lib gdi32.lib winspool.lib comdlg32.lib advapi32.lib shell32.lib ole32.lib oleaut32.lib uuid.lib odbc32.lib odbccp32.lib /MANIFEST /ManifestFile:"Debug\toav.exe.intermediate.manifest" /MANIFESTUAC:"level='asInvoker' uiAccess='false'" /DEBUG /PDB:"E:\Qt Projects\toav\Win32\Debug\toav.pdb" /SUBSYSTEM:WINDOWS /TLBID:1 /DYNAMICBASE /NXCOMPAT /IMPLIB:"E:\Qt Projects\toav\Win32\Debug\toav.lib" /MACHINE:X86 Debug\moc_toav.obj
         Debug\qrc_toav.obj
         Debug\main.obj
         Debug\toav.obj
         LINK : E:\Qt Projects\toav\Win32\Debug\\toav.exe not found or not built by the last incremental link; performing full link
         toav.vcxproj -> E:\Qt Projects\toav\Win32\Debug\toav.exe
       Manifest:
         C:\Program Files (x86)\Microsoft SDKs\Windows\v7.0A\bin\mt.exe /nologo /verbose /outputresource:"E:\Qt Projects\toav\Win32\Debug\\toav.exe;#1" /manifest Debug\toav.exe.intermediate.manifest
       FinalizeBuildStatus:
         Deleting file "Debug\toav.unsuccessfulbuild".
         Touching "Debug\toav.lastbuildstate".
     1>Done Building Project "E:\Qt Projects\toav\toav\toav.vcxproj" (build target(s)).

Build succeeded.

Time Elapsed 00:00:03.27
